<?xml version="1.0" encoding="UTF-8"?>
<!-- Generated by org.testng.reporters.JUnitXMLReporter -->
<testsuite ignored="1" hostname="DESKTOP-OFL8S08" failures="0" tests="1" name="Default test" time="131.887" errors="0" timestamp="2023-05-23T23:47:33 PKT">
  <testcase classname="sfrentstaging.tests.CreateTenantApplication" name="createNewTenantApplication" time="131.798"/>
  <testcase classname="sfrentstaging.tests.CreateTenantApplication" name="createNewGuarantorApplication" time="0.0">
    <ignored/>
  </testcase> <!-- createNewGuarantorApplication -->
</testsuite> <!-- Default test -->
