<?xml version="1.0" encoding="UTF-8"?>
<testng-results ignored="1" total="2" passed="1" failed="0" skipped="0">
  <reporter-output>
  </reporter-output>
  <suite started-at="2023-05-23T23:45:21 PKT" name="Default suite" finished-at="2023-05-23T23:47:33 PKT" duration-ms="131887">
    <groups>
    </groups>
    <test started-at="2023-05-23T23:45:21 PKT" name="Default test" finished-at="2023-05-23T23:47:33 PKT" duration-ms="131887">
      <class name="sfrentstaging.tests.CreateTenantApplication">
        <test-method signature="createNewTenantApplication()[pri:0, instance:sfrentstaging.tests.CreateTenantApplication@82de64a]" started-at="2023-05-23T23:45:21 PKT" name="createNewTenantApplication" finished-at="2023-05-23T23:47:33 PKT" duration-ms="131798" status="PASS">
          <reporter-output>
          </reporter-output>
        </test-method> <!-- createNewTenantApplication -->
      </class> <!-- sfrentstaging.tests.CreateTenantApplication -->
    </test> <!-- Default test -->
  </suite> <!-- Default suite -->
</testng-results>
